[2017-06-13 15:11:23.677] [WARN] jive-sdk - ******************************
[2017-06-13 15:11:23.681] [WARN] jive-sdk - File persistence is configured.
[2017-06-13 15:11:23.682] [WARN] jive-sdk - Please note that this should
[2017-06-13 15:11:23.682] [WARN] jive-sdk - not be used for production!
[2017-06-13 15:11:23.682] [WARN] jive-sdk - ******************************
[2017-06-13 15:11:23.682] [DEBUG] jive-sdk - File persistence dir at 'db'
[2017-06-13 15:11:23.702] [INFO] jive-sdk - Updating definition cbShareTile
[2017-06-13 15:11:23.730] [DEBUG] jive-sdk - Route added for cbShareTile : [GET] /cbShareTile/getGroupUrl  ->  /home/grazitti/Documents/openShift/sharetile/tiles/cbShareTile/backend/routes/getGroupUrl/get.js
[2017-06-13 15:11:23.732] [DEBUG] jive-sdk - Route added for cbShareTile : [GET] /cbShareTile/getWebhook  ->  /home/grazitti/Documents/openShift/sharetile/tiles/cbShareTile/backend/routes/getWebhook/get.js
[2017-06-13 15:11:23.731] [WARN] jive-sdk - ******************************
[2017-06-13 15:11:23.740] [WARN] jive-sdk - File persistence is configured.
[2017-06-13 15:11:23.734] [DEBUG] jive-sdk - Route added for cbShareTile : [POST] /cbShareTile/getWebhook  ->  /home/grazitti/Documents/openShift/sharetile/tiles/cbShareTile/backend/routes/getWebhook/post.js
[2017-06-13 15:11:23.742] [WARN] jive-sdk - Please note that this should
[2017-06-13 15:11:23.737] [DEBUG] jive-sdk - Route added for cbShareTile : [GET] /cbShareTile/sfOauth  ->  /home/grazitti/Documents/openShift/sharetile/tiles/cbShareTile/backend/routes/sfOauth/get.js
[2017-06-13 15:11:23.739] [DEBUG] jive-sdk - Route added for cbShareTile : [POST] /cbShareTile/shareContent  ->  /home/grazitti/Documents/openShift/sharetile/tiles/cbShareTile/backend/routes/shareContent/post.js
[2017-06-13 15:11:23.740] [DEBUG] jive-sdk - Route added for cbShareTile : [GET] /cbShareTile/updateAdmin  ->  /home/grazitti/Documents/openShift/sharetile/tiles/cbShareTile/backend/routes/updateAdmin/get.js
[2017-06-13 15:11:23.745] [DEBUG] jive-sdk - Route added for cbShareTile : [POST] /cbShareTile/updateAdmin  ->  /home/grazitti/Documents/openShift/sharetile/tiles/cbShareTile/backend/routes/updateAdmin/post.js
[2017-06-13 15:11:23.749] [DEBUG] jive-sdk - Route added for cbShareTile : [GET] /cbShareTile/configure/configForm  ->  /home/grazitti/Documents/openShift/sharetile/tiles/cbShareTile/backend/routes/configure/configForm/get.js
[2017-06-13 15:11:23.742] [WARN] jive-sdk - not be used for production!
[2017-06-13 15:11:23.742] [WARN] jive-sdk - ******************************
[2017-06-13 15:11:23.745] [DEBUG] jive-sdk - File persistence dir at 'db'
[2017-06-13 15:11:23.758] [INFO] jive-sdk - Running bootstrap.
[2017-06-13 15:11:23.760] [INFO] jive-sdk - Updating definition cbShareTile
[2017-06-13 15:11:23.759] [DEBUG] jive-sdk - Registered system event  newInstance :  Framework handler
[2017-06-13 15:11:23.762] [DEBUG] jive-sdk - Registered system event  updateInstance :  Framework handler
[2017-06-13 15:11:23.763] [DEBUG] jive-sdk - Registered system event  destroyedInstance :  Framework handler
[2017-06-13 15:11:23.763] [DEBUG] jive-sdk - Registered system event  dataPushed :  Framework handler
[2017-06-13 15:11:23.763] [DEBUG] jive-sdk - Registered system event  activityPushed :  Framework handler
[2017-06-13 15:11:23.764] [DEBUG] jive-sdk - Registered system event  commentPushed :  Framework handler
[2017-06-13 15:11:23.766] [DEBUG] jive-sdk - Registered system event  pushDataToJive :  Framework handler
[2017-06-13 15:11:23.789] [DEBUG] jive-sdk - Route added for cbShareTile : [GET] /cbShareTile/getGroupUrl  ->  /home/grazitti/Documents/openShift/sharetile/tiles/cbShareTile/backend/routes/getGroupUrl/get.js
[2017-06-13 15:11:23.767] [DEBUG] jive-sdk - Registered system event  pushActivityToJive :  Framework handler
[2017-06-13 15:11:23.767] [DEBUG] jive-sdk - Registered system event  fetchActivityByExternalIDFromJive :  Framework handler
[2017-06-13 15:11:23.768] [DEBUG] jive-sdk - Registered system event  updateActivityToJive :  Framework handler
[2017-06-13 15:11:23.768] [DEBUG] jive-sdk - Registered system event  pushCommentToJive :  Framework handler
[2017-06-13 15:11:23.768] [DEBUG] jive-sdk - Registered system event  commentOnActivity :  Framework handler
[2017-06-13 15:11:23.769] [DEBUG] jive-sdk - Registered system event  commentOnActivityByExternalID :  Framework handler
[2017-06-13 15:11:23.790] [DEBUG] jive-sdk - Route added for cbShareTile : [GET] /cbShareTile/getWebhook  ->  /home/grazitti/Documents/openShift/sharetile/tiles/cbShareTile/backend/routes/getWebhook/get.js
[2017-06-13 15:11:23.791] [DEBUG] jive-sdk - Route added for cbShareTile : [POST] /cbShareTile/getWebhook  ->  /home/grazitti/Documents/openShift/sharetile/tiles/cbShareTile/backend/routes/getWebhook/post.js
[2017-06-13 15:11:23.793] [DEBUG] jive-sdk - Route added for cbShareTile : [GET] /cbShareTile/sfOauth  ->  /home/grazitti/Documents/openShift/sharetile/tiles/cbShareTile/backend/routes/sfOauth/get.js
[2017-06-13 15:11:23.794] [DEBUG] jive-sdk - Route added for cbShareTile : [POST] /cbShareTile/shareContent  ->  /home/grazitti/Documents/openShift/sharetile/tiles/cbShareTile/backend/routes/shareContent/post.js
[2017-06-13 15:11:23.770] [DEBUG] jive-sdk - Registered system event  fetchCommentsOnActivity :  Framework handler
[2017-06-13 15:11:23.795] [DEBUG] jive-sdk - Route added for cbShareTile : [GET] /cbShareTile/updateAdmin  ->  /home/grazitti/Documents/openShift/sharetile/tiles/cbShareTile/backend/routes/updateAdmin/get.js
[2017-06-13 15:11:23.770] [DEBUG] jive-sdk - Registered system event  fetchCommentOnActivityByExternalID :  no description
[2017-06-13 15:11:23.797] [DEBUG] jive-sdk - Route added for cbShareTile : [POST] /cbShareTile/updateAdmin  ->  /home/grazitti/Documents/openShift/sharetile/tiles/cbShareTile/backend/routes/updateAdmin/post.js
[2017-06-13 15:11:23.803] [DEBUG] jive-sdk - Route added for cbShareTile : [GET] /cbShareTile/configure/configForm  ->  /home/grazitti/Documents/openShift/sharetile/tiles/cbShareTile/backend/routes/configure/configForm/get.js
[2017-06-13 15:11:23.770] [DEBUG] jive-sdk - Registered system event  fetchActivityByExternalIDFromJive :  Framework handler
[2017-06-13 15:11:23.770] [DEBUG] jive-sdk - Registered system event  fetchAllCommentsForExtstream :  Framework handler
[2017-06-13 15:11:23.771] [DEBUG] jive-sdk - Registered system event  registration :  no description
[2017-06-13 15:11:23.772] [DEBUG] jive-sdk - Registered system event  unregistration :  no description
[2017-06-13 15:11:23.812] [INFO] jive-sdk - Running bootstrap.
[2017-06-13 15:11:23.772] [DEBUG] jive-sdk - Registered system event  clientAppRegistration :  Framework handler
[2017-06-13 15:11:23.772] [DEBUG] jive-sdk - Registered system event  clientAppUnregistration :  Framework handler
[2017-06-13 15:11:23.772] [DEBUG] jive-sdk - Registered system event  getPaginatedResults :  Framework handler
[2017-06-13 15:11:23.773] [DEBUG] jive-sdk - Registered system event  getExternalProps :  Framework handler
[2017-06-13 15:11:23.773] [DEBUG] jive-sdk - Registered system event  setExternalProps :  Framework handler
[2017-06-13 15:11:23.773] [DEBUG] jive-sdk - Registered system event  deleteExternalProps :  Framework handler
[2017-06-13 15:11:23.774] [WARN] jive-sdk - Starting service in HTTP mode
[2017-06-13 15:11:23.775] [DEBUG] jive-sdk - Global framework routes:
[2017-06-13 15:11:23.775] [DEBUG] jive-sdk - POST /registration
[2017-06-13 15:11:23.813] [DEBUG] jive-sdk - Registered system event  newInstance :  Framework handler
[2017-06-13 15:11:23.813] [DEBUG] jive-sdk - Registered system event  updateInstance :  Framework handler
[2017-06-13 15:11:23.814] [DEBUG] jive-sdk - Registered system event  destroyedInstance :  Framework handler
[2017-06-13 15:11:23.814] [DEBUG] jive-sdk - Registered system event  dataPushed :  Framework handler
[2017-06-13 15:11:23.815] [DEBUG] jive-sdk - Registered system event  activityPushed :  Framework handler
[2017-06-13 15:11:23.815] [DEBUG] jive-sdk - Registered system event  commentPushed :  Framework handler
[2017-06-13 15:11:23.818] [DEBUG] jive-sdk - Registered system event  pushDataToJive :  Framework handler
[2017-06-13 15:11:23.818] [DEBUG] jive-sdk - Registered system event  pushActivityToJive :  Framework handler
[2017-06-13 15:11:23.819] [DEBUG] jive-sdk - Registered system event  fetchActivityByExternalIDFromJive :  Framework handler
[2017-06-13 15:11:23.820] [DEBUG] jive-sdk - Registered system event  updateActivityToJive :  Framework handler
[2017-06-13 15:11:23.820] [DEBUG] jive-sdk - Registered system event  pushCommentToJive :  Framework handler
[2017-06-13 15:11:23.820] [DEBUG] jive-sdk - Registered system event  commentOnActivity :  Framework handler
[2017-06-13 15:11:23.822] [DEBUG] jive-sdk - Registered system event  commentOnActivityByExternalID :  Framework handler
[2017-06-13 15:11:23.825] [DEBUG] jive-sdk - Registered system event  fetchCommentsOnActivity :  Framework handler
[2017-06-13 15:11:23.825] [DEBUG] jive-sdk - Registered system event  fetchCommentOnActivityByExternalID :  no description
[2017-06-13 15:11:23.826] [DEBUG] jive-sdk - Registered system event  fetchActivityByExternalIDFromJive :  Framework handler
[2017-06-13 15:11:23.826] [DEBUG] jive-sdk - Registered system event  fetchAllCommentsForExtstream :  Framework handler
[2017-06-13 15:11:23.827] [DEBUG] jive-sdk - Registered system event  registration :  no description
[2017-06-13 15:11:23.827] [DEBUG] jive-sdk - Registered system event  unregistration :  no description
[2017-06-13 15:11:23.828] [DEBUG] jive-sdk - Registered system event  clientAppRegistration :  Framework handler
[2017-06-13 15:11:23.828] [DEBUG] jive-sdk - Registered system event  clientAppUnregistration :  Framework handler
[2017-06-13 15:11:23.828] [DEBUG] jive-sdk - Registered system event  getPaginatedResults :  Framework handler
[2017-06-13 15:11:23.828] [DEBUG] jive-sdk - Registered system event  getExternalProps :  Framework handler
[2017-06-13 15:11:23.828] [DEBUG] jive-sdk - Registered system event  setExternalProps :  Framework handler
[2017-06-13 15:11:23.828] [DEBUG] jive-sdk - Registered system event  deleteExternalProps :  Framework handler
[2017-06-13 15:11:23.829] [WARN] jive-sdk - Starting service in HTTP mode
[2017-06-13 15:11:23.830] [DEBUG] jive-sdk - Global framework routes:
[2017-06-13 15:11:23.831] [DEBUG] jive-sdk - POST /registration
[2017-06-13 15:11:23.776] [DEBUG] jive-sdk - POST /unregister
[2017-06-13 15:11:23.776] [DEBUG] jive-sdk - POST /jive/oauth/register
[2017-06-13 15:11:23.779] [DEBUG] jive-sdk - Global dev framework routes:
[2017-06-13 15:11:23.779] [DEBUG] jive-sdk - /dev/tiles
[2017-06-13 15:11:23.780] [DEBUG] jive-sdk - setupExpressApp - Complete.
[2017-06-13 15:11:23.781] [INFO] jive-sdk - Http node setup
[2017-06-13 15:11:23.814] [DEBUG] jive-sdk - definitions:
[
    {
        "displayName": "cbShareTile",
        "name": "cbShareTile",
        "description": "cbShareTile",
        "style": "CUSTOM_VIEW",
        "displayWidth": "ALL",
        "dataProviderKey": "internal",
        "pageTypes": [
            "PLACE",
            "USER"
        ],
        "icons": {
            "16": "https://developer.jivesoftware.com/DeveloperAssets/images/icons/jivedev-xsmall.png",
            "48": "https://developer.jivesoftware.com/DeveloperAssets/images/icons/jivedev-small.png",
            "128": "https://developer.jivesoftware.com/DeveloperAssets/images/icons/jivedev-med.png"
        },
        "view": "https://sharetile-bit9uex.rhcloud.com:8080/cbShareTile/view.html?features=responsive,tile,core-v3,os-2.5"
    }
]
[2017-06-13 15:11:23.815] [DEBUG] jive-sdk - templates:
null
[2017-06-13 15:11:23.815] [DEBUG] jive-sdk - apps:
[]
[2017-06-13 15:11:23.815] [DEBUG] jive-sdk - storageDefinitions:
[]
[2017-06-13 15:11:23.815] [DEBUG] jive-sdk - cartridges:
[]
[2017-06-13 15:11:23.830] [DEBUG] jive-sdk - Extension meta: 
{
    "package_version": "1.0",
    "id": "56ccea5b-a43c-429e-ba69-f19cebad0646",
    "type": "client-app",
    "name": "cbShareTile",
    "description": "Description for cbShareTile",
    "minimum_version": "0070300000",
    "icon_16": "extension-16.png",
    "icon_48": "extension-48.png",
    "icon_128": "extension-128.png",
    "register_url": "%serviceURL%/jive/oauth/register",
    "unregister_url": "%serviceURL%/jive/oauth/unregister",
    "redirect_url": "%serviceURL%",
    "released_on": "2017-01-11T09:50:14.659Z",
    "service_url": "https://sharetile-bit9uex.rhcloud.com:8080",
    "config_url": "%serviceURL%/cbShareTile/configure/configForm"
}
[2017-06-13 15:11:24.018] [DEBUG] jive-sdk - Zipping extension_src/definition.json to extension.zip  :  definition.json
[2017-06-13 15:11:24.022] [DEBUG] jive-sdk - Zipping extension_src/meta.json to extension.zip  :  meta.json
[2017-06-13 15:11:24.045] [DEBUG] jive-sdk - Zipping extension_src/data/extension-128.png to extension.zip  :  data/extension-128.png
[2017-06-13 15:11:24.046] [DEBUG] jive-sdk - Zipping extension_src/data/extension-16.png to extension.zip  :  data/extension-16.png
[2017-06-13 15:11:24.046] [DEBUG] jive-sdk - Zipping extension_src/data/extension-48.png to extension.zip  :  data/extension-48.png
[2017-06-13 15:11:24.049] [DEBUG] jive-sdk - Zipping extension_src/i18n/en.properties to extension.zip  :  i18n/en.properties
[2017-06-13 15:11:24.049] [DEBUG] jive-sdk - Zipping extension_src/i18n/root.properties to extension.zip  :  i18n/root.properties
[2017-06-13 15:11:23.831] [DEBUG] jive-sdk - POST /unregister
[2017-06-13 15:11:23.831] [DEBUG] jive-sdk - POST /jive/oauth/register
[2017-06-13 15:11:23.833] [DEBUG] jive-sdk - Global dev framework routes:
[2017-06-13 15:11:23.833] [DEBUG] jive-sdk - /dev/tiles
[2017-06-13 15:11:23.833] [DEBUG] jive-sdk - setupExpressApp - Complete.
[2017-06-13 15:11:23.834] [INFO] jive-sdk - Http node setup
[2017-06-13 15:11:23.873] [DEBUG] jive-sdk - definitions:
[
    {
        "displayName": "cbShareTile",
        "name": "cbShareTile",
        "description": "cbShareTile",
        "style": "CUSTOM_VIEW",
        "displayWidth": "ALL",
        "dataProviderKey": "internal",
        "pageTypes": [
            "PLACE",
            "USER"
        ],
        "icons": {
            "16": "https://developer.jivesoftware.com/DeveloperAssets/images/icons/jivedev-xsmall.png",
            "48": "https://developer.jivesoftware.com/DeveloperAssets/images/icons/jivedev-small.png",
            "128": "https://developer.jivesoftware.com/DeveloperAssets/images/icons/jivedev-med.png"
        },
        "view": "https://sharetile-bit9uex.rhcloud.com:8080/cbShareTile/view.html?features=responsive,tile,core-v3,os-2.5"
    }
]
[2017-06-13 15:11:24.103] [INFO] jive-sdk - Bootstrap complete.
[2017-06-13 15:11:23.875] [DEBUG] jive-sdk - templates:
null
[2017-06-13 15:11:24.104] [INFO] jive-sdk - Jive SDK version 0.2.17
[2017-06-13 15:11:24.104] [INFO] jive-sdk - Started service in  self-contained mode
[2017-06-13 15:11:24.107] [INFO] jive-sdk - Service started in development mode
[2017-06-13 15:11:23.875] [DEBUG] jive-sdk - apps:
[]
[2017-06-13 15:11:23.875] [DEBUG] jive-sdk - storageDefinitions:
[]
[2017-06-13 15:11:23.876] [DEBUG] jive-sdk - cartridges:
[]
[2017-06-13 15:11:23.886] [DEBUG] jive-sdk - Extension meta: 
{
    "package_version": "1.0",
    "id": "56ccea5b-a43c-429e-ba69-f19cebad0646",
    "type": "client-app",
    "name": "cbShareTile",
    "description": "Description for cbShareTile",
    "minimum_version": "0070300000",
    "icon_16": "extension-16.png",
    "icon_48": "extension-48.png",
    "icon_128": "extension-128.png",
    "register_url": "%serviceURL%/jive/oauth/register",
    "unregister_url": "%serviceURL%/jive/oauth/unregister",
    "redirect_url": "%serviceURL%",
    "released_on": "2017-01-11T09:50:14.659Z",
    "service_url": "https://sharetile-bit9uex.rhcloud.com:8080",
    "config_url": "%serviceURL%/cbShareTile/configure/configForm"
}
[2017-06-13 15:11:24.078] [DEBUG] jive-sdk - Zipping extension_src/definition.json to extension.zip  :  definition.json
[2017-06-13 15:11:24.081] [DEBUG] jive-sdk - Zipping extension_src/meta.json to extension.zip  :  meta.json
[2017-06-13 15:11:24.099] [DEBUG] jive-sdk - Zipping extension_src/data/extension-128.png to extension.zip  :  data/extension-128.png
[2017-06-13 15:11:24.100] [DEBUG] jive-sdk - Zipping extension_src/data/extension-16.png to extension.zip  :  data/extension-16.png
[2017-06-13 15:11:24.101] [DEBUG] jive-sdk - Zipping extension_src/data/extension-48.png to extension.zip  :  data/extension-48.png
[2017-06-13 15:11:24.104] [DEBUG] jive-sdk - Zipping extension_src/i18n/en.properties to extension.zip  :  i18n/en.properties
[2017-06-13 15:11:24.104] [DEBUG] jive-sdk - Zipping extension_src/i18n/root.properties to extension.zip  :  i18n/root.properties
[2017-06-13 15:11:24.149] [INFO] jive-sdk - Bootstrap complete.
[2017-06-13 15:11:24.149] [INFO] jive-sdk - Jive SDK version 0.2.17
[2017-06-13 15:11:24.149] [INFO] jive-sdk - Started service in  self-contained mode
[2017-06-13 15:11:24.150] [INFO] jive-sdk - Service started in development mode
[2017-06-13 15:11:38.690] [INFO] jive-sdk - Updated 2 data file(s): [tileDefinition, jiveExtension]
[2017-06-13 15:11:38.752] [INFO] jive-sdk - Updated 2 data file(s): [tileDefinition, jiveExtension]
